<?xml version="1.0" encoding="UTF-8"?>
<testng-results skipped="0" failed="0" ignored="0" total="1" passed="1">
  <reporter-output>
  </reporter-output>
  <suite name="Default suite" duration-ms="19603" started-at="2018-08-31T09:10:12Z" finished-at="2018-08-31T09:10:32Z">
    <groups>
    </groups>
    <test name="Default test" duration-ms="19603" started-at="2018-08-31T09:10:12Z" finished-at="2018-08-31T09:10:32Z">
      <class name="maven_testing_framework.framework.Main">
        <test-method status="PASS" signature="mainControll()[pri:0, instance:maven_testing_framework.framework.Main@27efef64]" name="mainControll" duration-ms="19484" started-at="2018-08-31T09:10:12Z" finished-at="2018-08-31T09:10:32Z">
          <reporter-output>
          </reporter-output>
        </test-method> <!-- mainControll -->
        <test-method status="PASS" signature="afterTest()[pri:0, instance:maven_testing_framework.framework.Main@27efef64]" name="afterTest" is-config="true" duration-ms="58" started-at="2018-08-31T09:10:32Z" finished-at="2018-08-31T09:10:32Z">
          <reporter-output>
          </reporter-output>
        </test-method> <!-- afterTest -->
      </class> <!-- maven_testing_framework.framework.Main -->
    </test> <!-- Default test -->
  </suite> <!-- Default suite -->
</testng-results>
